# JRE version: OpenJDK Runtime Environment (11.0.8+10) (build 11.0.8+10-b944.6842174)
# Java VM: OpenJDK 64-Bit Server VM (11.0.8+10-b944.6842174, mixed mode, tiered, compressed oops, g1 gc, windows-amd64)
Heap:
 garbage-first heap   total 656384K, used 172974K [0x00000000a0000000, 0x0000000100000000)
  region size 1024K, 1 young (1024K), 1 survivors (1024K)
 Metaspace       used 157355K, capacity 161937K, committed 165036K, reserved 1193984K
  class space    used 18699K, capacity 20400K, committed 21248K, reserved 1048576K
GC Heap History (20 events):
Event: 8189.367 GC heap after
{Heap after GC invocations=291 (full 1):
 garbage-first heap   total 337920K, used 154042K [0x00000000a0000000, 0x0000000100000000)
  region size 1024K, 13 young (13312K), 13 survivors (13312K)
 Metaspace       used 157350K, capacity 162036K, committed 165036K, reserved 1193984K
  class space    used 18717K, capacity 20438K, committed 21248K, reserved 1048576K
}
Event: 8189.829 GC heap before
{Heap before GC invocations=291 (full 1):
 garbage-first heap   total 337920K, used 264634K [0x00000000a0000000, 0x0000000100000000)
  region size 1024K, 122 young (124928K), 13 survivors (13312K)
 Metaspace       used 157396K, capacity 162063K, committed 165036K, reserved 1193984K
  class space    used 18719K, capacity 20442K, committed 21248K, reserved 1048576K
}
Event: 8189.867 GC heap after
{Heap after GC invocations=292 (full 1):
 garbage-first heap   total 337920K, used 157593K [0x00000000a0000000, 0x0000000100000000)
  region size 1024K, 6 young (6144K), 6 survivors (6144K)
 Metaspace       used 157396K, capacity 162063K, committed 165036K, reserved 1193984K
  class space    used 18719K, capacity 20442K, committed 21248K, reserved 1048576K
}
Event: 8190.180 GC heap before
{Heap before GC invocations=292 (full 1):
 garbage-first heap   total 337920K, used 268185K [0x00000000a0000000, 0x0000000100000000)
  region size 1024K, 115 young (117760K), 6 survivors (6144K)
 Metaspace       used 157409K, capacity 162066K, committed 165036K, reserved 1193984K
  class space    used 18721K, capacity 20443K, committed 21248K, reserved 1048576K
}
Event: 8190.220 GC heap after
{Heap after GC invocations=293 (full 1):
 garbage-first heap   total 337920K, used 164926K [0x00000000a0000000, 0x0000000100000000)
  region size 1024K, 13 young (13312K), 13 survivors (13312K)
 Metaspace       used 157409K, capacity 162066K, committed 165036K, reserved 1193984K
  class space    used 18721K, capacity 20443K, committed 21248K, reserved 1048576K
}
Event: 8191.697 GC heap before
{Heap before GC invocations=294 (full 1):
 garbage-first heap   total 337920K, used 262206K [0x00000000a0000000, 0x0000000100000000)
  region size 1024K, 117 young (119808K), 13 survivors (13312K)
 Metaspace       used 157355K, capacity 161942K, committed 165036K, reserved 1193984K
  class space    used 18699K, capacity 20400K, committed 21248K, reserved 1048576K
}
Event: 8191.720 GC heap after
{Heap after GC invocations=295 (full 1):
 garbage-first heap   total 337920K, used 153990K [0x00000000a0000000, 0x0000000100000000)
  region size 1024K, 4 young (4096K), 4 survivors (4096K)
 Metaspace       used 157355K, capacity 161942K, committed 165036K, reserved 1193984K
  class space    used 18699K, capacity 20400K, committed 21248K, reserved 1048576K
}
Event: 8191.751 GC heap before
{Heap before GC invocations=295 (full 1):
 garbage-first heap   total 337920K, used 166278K [0x00000000a0000000, 0x0000000100000000)
  region size 1024K, 16 young (16384K), 4 survivors (4096K)
 Metaspace       used 157355K, capacity 161942K, committed 165036K, reserved 1193984K
  class space    used 18699K, capacity 20400K, committed 21248K, reserved 1048576K
}
Event: 8191.763 GC heap after
{Heap after GC invocations=296 (full 1):
 garbage-first heap   total 337920K, used 143402K [0x00000000a0000000, 0x0000000100000000)
  region size 1024K, 2 young (2048K), 2 survivors (2048K)
 Metaspace       used 157355K, capacity 161942K, committed 165036K, reserved 1193984K
  class space    used 18699K, capacity 20400K, committed 21248K, reserved 1048576K
}
Event: 8192.635 GC heap before
{Heap before GC invocations=296 (full 1):
 garbage-first heap   total 337920K, used 269354K [0x00000000a0000000, 0x0000000100000000)
  region size 1024K, 124 young (126976K), 2 survivors (2048K)
 Metaspace       used 157356K, capacity 161942K, committed 165036K, reserved 1193984K
  class space    used 18699K, capacity 20400K, committed 21248K, reserved 1048576K
}
Event: 8192.649 GC heap after
{Heap after GC invocations=297 (full 1):
 garbage-first heap   total 337920K, used 156732K [0x00000000a0000000, 0x0000000100000000)
  region size 1024K, 14 young (14336K), 14 survivors (14336K)
 Metaspace       used 157356K, capacity 161942K, committed 165036K, reserved 1193984K
  class space    used 18699K, capacity 20400K, committed 21248K, reserved 1048576K
}
Event: 8193.278 GC heap before
{Heap before GC invocations=297 (full 1):
 garbage-first heap   total 337920K, used 271420K [0x00000000a0000000, 0x0000000100000000)
  region size 1024K, 126 young (129024K), 14 survivors (14336K)
 Metaspace       used 157356K, capacity 161942K, committed 165036K, reserved 1193984K
  class space    used 18699K, capacity 20400K, committed 21248K, reserved 1048576K
}
Event: 8193.380 GC heap after
{Heap after GC invocations=298 (full 1):
 garbage-first heap   total 337920K, used 165747K [0x00000000a0000000, 0x0000000100000000)
  region size 1024K, 14 young (14336K), 14 survivors (14336K)
 Metaspace       used 157356K, capacity 161942K, committed 165036K, reserved 1193984K
  class space    used 18699K, capacity 20400K, committed 21248K, reserved 1048576K
}
Event: 8194.272 GC heap before
{Heap before GC invocations=298 (full 1):
 garbage-first heap   total 337920K, used 270195K [0x00000000a0000000, 0x0000000100000000)
  region size 1024K, 117 young (119808K), 14 survivors (14336K)
 Metaspace       used 157356K, capacity 161942K, committed 165036K, reserved 1193984K
  class space    used 18699K, capacity 20400K, committed 21248K, reserved 1048576K
}
Event: 8194.401 GC heap after
{Heap after GC invocations=299 (full 1):
 garbage-first heap   total 337920K, used 175778K [0x00000000a0000000, 0x0000000100000000)
  region size 1024K, 12 young (12288K), 12 survivors (12288K)
 Metaspace       used 157356K, capacity 161942K, committed 165036K, reserved 1193984K
  class space    used 18699K, capacity 20400K, committed 21248K, reserved 1048576K
}
Event: 8196.321 GC heap before
{Heap before GC invocations=299 (full 1):
 garbage-first heap   total 337920K, used 272034K [0x00000000a0000000, 0x0000000100000000)
  region size 1024K, 107 young (109568K), 12 survivors (12288K)
 Metaspace       used 157355K, capacity 161937K, committed 165036K, reserved 1193984K
  class space    used 18699K, capacity 20400K, committed 21248K, reserved 1048576K
}
Event: 8196.677 GC heap after
{Heap after GC invocations=300 (full 1):
 garbage-first heap   total 337920K, used 176802K [0x00000000a0000000, 0x0000000100000000)
  region size 1024K, 3 young (3072K), 3 survivors (3072K)
 Metaspace       used 157355K, capacity 161937K, committed 165036K, reserved 1193984K
  class space    used 18699K, capacity 20400K, committed 21248K, reserved 1048576K
}
Event: 8198.403 GC heap before
{Heap before GC invocations=301 (full 1):
 garbage-first heap   total 337920K, used 276130K [0x00000000a0000000, 0x0000000100000000)
  region size 1024K, 101 young (103424K), 3 survivors (3072K)
 Metaspace       used 157355K, capacity 161937K, committed 165036K, reserved 1193984K
  class space    used 18699K, capacity 20400K, committed 21248K, reserved 1048576K
}
Event: 8198.435 GC heap after
{Heap after GC invocations=302 (full 1):
 garbage-first heap   total 337920K, used 177691K [0x00000000a0000000, 0x0000000100000000)
  region size 1024K, 4 young (4096K), 4 survivors (4096K)
 Metaspace       used 157355K, capacity 161937K, committed 165036K, reserved 1193984K
  class space    used 18699K, capacity 20400K, committed 21248K, reserved 1048576K
}
Event: 8198.459 GC heap before
{Heap before GC invocations=302 (full 1):
 garbage-first heap   total 337920K, used 188955K [0x00000000a0000000, 0x0000000100000000)
  region size 1024K, 16 young (16384K), 4 survivors (4096K)
 Metaspace       used 157355K, capacity 161937K, committed 165036K, reserved 1193984K
  class space    used 18699K, capacity 20400K, committed 21248K, reserved 1048576K
}

